app/build/outputs/mapping/release/mapping.txt
# compiler: R8
# compiler_version: 1.4.77
# min_api: 19
...
android.support.design.animation.ChildrenAlphaProperty -> a.b.d.a.c:
    android.util.Property CHILDREN_ALPHA -> a
    1:1:java.lang.Float get(android.view.ViewGroup):0:0 -> get
    1:1:java.lang.Object get(java.lang.Object):0 -> get
    1:1:void set(android.view.ViewGroup,java.lang.Float):0:0 -> set
    1:1:void set(java.lang.Object,java.lang.Object):0 -> set
android.support.design.animation.DrawableAlphaProperty -> a.b.d.a.d:
    android.util.Property DRAWABLE_ALPHA_COMPAT -> a
    java.util.WeakHashMap alphaCache -> b
    1:1:java.lang.Integer get(android.graphics.drawable.Drawable):0:0 -> get
    1:1:java.lang.Object get(java.lang.Object):0 -> get
    1:1:void set(android.graphics.drawable.Drawable,java.lang.Integer):0:0 -> set
    1:1:void set(java.lang.Object,java.lang.Object):0 -> set
android.support.design.animation.ImageMatrixProperty -> a.b.d.a.e:
    android.graphics.Matrix matrix -> a
    1:1:android.graphics.Matrix get(android.widget.ImageView):0:0 -> get
    1:1:java.lang.Object get(java.lang.Object):0 -> get
    1:1:void set(android.widget.ImageView,android.graphics.Matrix):0:0 -> set
    1:1:void set(java.lang.Object,java.lang.Object):0 -> set
android.support.design.animation.MatrixEvaluator -> a.b.d.a.f:
    android.graphics.Matrix tempMatrix -> c
    float[] tempStartValues -> a
    float[] tempEndValues -> b
    1:1:android.graphics.Matrix evaluate(float,android.graphics.Matrix,android.graphics.Matrix):0:0 -> evaluate
    1:1:java.lang.Object evaluate(float,java.lang.Object,java.lang.Object):0 -> evaluate
android.support.design.animation.MotionSpec -> a.b.d.a.g:
    android.support.v4.util.SimpleArrayMap timings -> a
    android.support.design.animation.MotionSpec createFromResource(android.content.Context,int) -> a
    1:1:void addTimingFromAnimator(android.support.design.animation.MotionSpec,android.animation.Animator):0:0 -> a
    1:1:android.support.design.animation.MotionSpec createSpecFromAnimators(java.util.List):0 -> a
    2:2:android.support.design.animation.MotionTiming android.support.design.animation.MotionTiming.createFromAnimator(android.animation.ValueAnimator):0:0 -> a
    2:2:void addTimingFromAnimator(android.support.design.animation.MotionSpec,android.animation.Animator):0 -> a
    2:2:android.support.design.animation.MotionSpec createSpecFromAnimators(java.util.List):0 -> a
    3:3:android.animation.TimeInterpolator android.support.design.animation.MotionTiming.getInterpolatorCompat(android.animation.ValueAnimator):0:0 -> a
    3:3:android.support.design.animation.MotionTiming android.support.design.animation.MotionTiming.createFromAnimator(android.animation.ValueAnimator):0 -> a
    3:3:void addTimingFromAnimator(android.support.design.animation.MotionSpec,android.animation.Animator):0 -> a
    3:3:android.support.design.animation.MotionSpec createSpecFromAnimators(java.util.List):0 -> a
    4:4:android.support.design.animation.MotionTiming android.support.design.animation.MotionTiming.createFromAnimator(android.animation.ValueAnimator):0:0 -> a